system   D            wsystem.c:633  _al_win_safe_load_library        [   0.00068] PathFindOnPath found: C:\Windows\system32\d3d9.dll
system   D            wsystem.c:544  load_library_at_path             [   0.00076] Calling LoadLibrary C:\Windows\system32\d3d9.dll
system   I            wsystem.c:547  load_library_at_path             [   0.00365] Loaded C:\Windows\system32\d3d9.dll
d3d      I         d3d_disp.cpp:696  _al_d3d_init_display             [   0.00717] Render-to-texture: 1
system   I             system.c:252  al_install_system                [   0.00719] Allegro version: 5.0.10
font     D                ttf.c:792  al_load_ttf_font_stretch_f       [   0.00771] Font arial.ttf loaded with pixel size 0 x 18.
font     D                ttf.c:794  al_load_ttf_font_stretch_f       [   0.00771]     ascent=16.0, descent=-4.0, height=21.0
dtor     D               dtor.c:184  _al_register_destructor          [   0.00777] added dtor for object 00679C68, func 73E21B3B
dtor     D               dtor.c:184  _al_register_destructor          [   0.00777] added dtor for object 00652740, func 73E224D2
d3d      I         d3d_disp.cpp:1737 d3d_create_display_locked        [   0.00794] faux_fullscreen=0
d3d      D         d3d_disp.cpp:1738 d3d_create_display_locked        [   0.00795] al_display=0065D3B0
d3d      D         d3d_disp.cpp:1739 d3d_create_display_locked        [   0.00795] al_display->vt=00652810
d3d      I d3d_display_formats.cpp:144  _al_d3d_generate_display_format_list [   0.00968] found 64 format combinations
display  D   display_settings.c:191  debug_display_settings           [   0.00970] color: 32 (rgba 8880), depth: 0, stencil: 0, acc: 0000, samples: 0/0
display  D   display_settings.c:506  _al_score_display_settings       [   0.00970] Score is : 897
display  D   display_settings.c:191  debug_display_settings           [   0.00971] color: 32 (rgba 8880), depth: 0, stencil: 0, acc: 0000, samples: 0/0
display  D   display_settings.c:506  _al_score_display_settings       [   0.00971] Score is : 897
display  D   display_settings.c:191  debug_display_settings           [   0.00972] color: 32 (rgba 8880), depth: 24, stencil: 8, acc: 0000, samples: 0/0
display  D   display_settings.c:506  _al_score_display_settings       [   0.00972] Score is : 897
display  D   display_settings.c:191  debug_display_settings           [   0.00972] color: 32 (rgba 8880), depth: 24, stencil: 8, acc: 0000, samples: 0/0
display  D   display_settings.c:506  _al_score_display_settings       [   0.00973] Score is : 897
display  D   display_settings.c:191  debug_display_settings           [   0.00973] color: 32 (rgba 8880), depth: 24, stencil: 0, acc: 0000, samples: 0/0
display  D   display_settings.c:506  _al_score_display_settings       [   0.00974] Score is : 897
display  D   display_settings.c:191  debug_display_settings           [   0.00974] color: 32 (rgba 8880), depth: 24, stencil: 0, acc: 0000, samples: 0/0
display  D   display_settings.c:506  _al_score_display_settings       [   0.00974] Score is : 897
display  D   display_settings.c:191  debug_display_settings           [   0.00975] color: 32 (rgba 8880), depth: 16, stencil: 0, acc: 0000, samples: 0/0
display  D   display_settings.c:506  _al_score_display_settings       [   0.00975] Score is : 897
display  D   display_settings.c:191  debug_display_settings           [   0.00975] color: 32 (rgba 8880), depth: 16, stencil: 0, acc: 0000, samples: 0/0
display  D   display_settings.c:506  _al_score_display_settings       [   0.00976] Score is : 897
display  D   display_settings.c:191  debug_display_settings           [   0.00976] color: 16 (rgba 5650), depth: 0, stencil: 0, acc: 0000, samples: 0/0
display  D   display_settings.c:506  _al_score_display_settings       [   0.00976] Score is : 897
display  D   display_settings.c:191  debug_display_settings           [   0.00977] color: 16 (rgba 5650), depth: 0, stencil: 0, acc: 0000, samples: 0/0
display  D   display_settings.c:506  _al_score_display_settings       [   0.00977] Score is : 897
display  D   display_settings.c:191  debug_display_settings           [   0.00977] color: 16 (rgba 5650), depth: 24, stencil: 8, acc: 0000, samples: 0/0
display  D   display_settings.c:506  _al_score_display_settings       [   0.00981] Score is : 897
display  D   display_settings.c:191  debug_display_settings           [   0.00981] color: 16 (rgba 5650), depth: 24, stencil: 8, acc: 0000, samples: 0/0
display  D   display_settings.c:506  _al_score_display_settings       [   0.00982] Score is : 897
display  D   display_settings.c:191  debug_display_settings           [   0.00982] color: 16 (rgba 5650), depth: 24, stencil: 0, acc: 0000, samples: 0/0
display  D   display_settings.c:506  _al_score_display_settings       [   0.00982] Score is : 897
display  D   display_settings.c:191  debug_display_settings           [   0.00983] color: 16 (rgba 5650), depth: 24, stencil: 0, acc: 0000, samples: 0/0
display  D   display_settings.c:506  _al_score_display_settings       [   0.00983] Score is : 897
display  D   display_settings.c:191  debug_display_settings           [   0.00983] color: 16 (rgba 5650), depth: 16, stencil: 0, acc: 0000, samples: 0/0
display  D   display_settings.c:506  _al_score_display_settings       [   0.00984] Score is : 897
display  D   display_settings.c:191  debug_display_settings           [   0.00984] color: 16 (rgba 5650), depth: 16, stencil: 0, acc: 0000, samples: 0/0
display  D   display_settings.c:506  _al_score_display_settings       [   0.00985] Score is : 897
display  D   display_settings.c:191  debug_display_settings           [   0.00985] color: 32 (rgba 8880), depth: 0, stencil: 0, acc: 0000, samples: 0/0
display  D   display_settings.c:377  _al_score_display_settings       [   0.00985] Single Buffer requirement not met.
display  D   display_settings.c:191  debug_display_settings           [   0.01042] color: 32 (rgba 8880), depth: 0, stencil: 0, acc: 0000, samples: 0/0
display  D   display_settings.c:377  _al_score_display_settings       [   0.01044] Single Buffer requirement not met.
display  D   display_settings.c:191  debug_display_settings           [   0.01044] color: 32 (rgba 8880), depth: 24, stencil: 8, acc: 0000, samples: 0/0
display  D   display_settings.c:377  _al_score_display_settings       [   0.01045] Single Buffer requirement not met.
display  D   display_settings.c:191  debug_display_settings           [   0.01045] color: 32 (rgba 8880), depth: 24, stencil: 8, acc: 0000, samples: 0/0
display  D   display_settings.c:377  _al_score_display_settings       [   0.01045] Single Buffer requirement not met.
display  D   display_settings.c:191  debug_display_settings           [   0.01046] color: 32 (rgba 8880), depth: 24, stencil: 0, acc: 0000, samples: 0/0
display  D   display_settings.c:377  _al_score_display_settings       [   0.01046] Single Buffer requirement not met.
display  D   display_settings.c:191  debug_display_settings           [   0.01047] color: 32 (rgba 8880), depth: 24, stencil: 0, acc: 0000, samples: 0/0
display  D   display_settings.c:377  _al_score_display_settings       [   0.01047] Single Buffer requirement not met.
display  D   display_settings.c:191  debug_display_settings           [   0.01048] color: 32 (rgba 8880), depth: 16, stencil: 0, acc: 0000, samples: 0/0
display  D   display_settings.c:377  _al_score_display_settings       [   0.01048] Single Buffer requirement not met.
display  D   display_settings.c:191  debug_display_settings           [   0.01048] color: 32 (rgba 8880), depth: 16, stencil: 0, acc: 0000, samples: 0/0
display  D   display_settings.c:377  _al_score_display_settings       [   0.01049] Single Buffer requirement not met.
display  D   display_settings.c:191  debug_display_settings           [   0.01049] color: 16 (rgba 5650), depth: 0, stencil: 0, acc: 0000, samples: 0/0
display  D   display_settings.c:377  _al_score_display_settings       [   0.01050] Single Buffer requirement not met.
display  D   display_settings.c:191  debug_display_settings           [   0.01050] color: 16 (rgba 5650), depth: 0, stencil: 0, acc: 0000, samples: 0/0
display  D   display_settings.c:377  _al_score_display_settings       [   0.01051] Single Buffer requirement not met.
display  D   display_settings.c:191  debug_display_settings           [   0.01051] color: 16 (rgba 5650), depth: 24, stencil: 8, acc: 0000, samples: 0/0
display  D   display_settings.c:377  _al_score_display_settings       [   0.01052] Single Buffer requirement not met.
display  D   display_settings.c:191  debug_display_settings           [   0.01052] color: 16 (rgba 5650), depth: 24, stencil: 8, acc: 0000, samples: 0/0
display  D   display_settings.c:377  _al_score_display_settings       [   0.01052] Single Buffer requirement not met.
display  D   display_settings.c:191  debug_display_settings           [   0.01053] color: 16 (rgba 5650), depth: 24, stencil: 0, acc: 0000, samples: 0/0
display  D   display_settings.c:377  _al_score_display_settings       [   0.01107] Single Buffer requirement not met.
display  D   display_settings.c:191  debug_display_settings           [   0.01108] color: 16 (rgba 5650), depth: 24, stencil: 0, acc: 0000, samples: 0/0
display  D   display_settings.c:377  _al_score_display_settings       [   0.01109] Single Buffer requirement not met.
display  D   display_settings.c:191  debug_display_settings           [   0.01109] color: 16 (rgba 5650), depth: 16, stencil: 0, acc: 0000, samples: 0/0
display  D   display_settings.c:377  _al_score_display_settings       [   0.01110] Single Buffer requirement not met.
display  D   display_settings.c:191  debug_display_settings           [   0.01110] color: 16 (rgba 5650), depth: 16, stencil: 0, acc: 0000, samples: 0/0
display  D   display_settings.c:377  _al_score_display_settings       [   0.01110] Single Buffer requirement not met.
display  D   display_settings.c:191  debug_display_settings           [   0.01111] color: 32 (rgba 8880), depth: 0, stencil: 0, acc: 0000, samples: 0/0
display  D   display_settings.c:506  _al_score_display_settings       [   0.01111] Score is : 769
display  D   display_settings.c:191  debug_display_settings           [   0.01112] color: 32 (rgba 8880), depth: 0, stencil: 0, acc: 0000, samples: 0/0
display  D   display_settings.c:506  _al_score_display_settings       [   0.01112] Score is : 769
display  D   display_settings.c:191  debug_display_settings           [   0.01112] color: 32 (rgba 8880), depth: 24, stencil: 8, acc: 0000, samples: 0/0
display  D   display_settings.c:506  _al_score_display_settings       [   0.01113] Score is : 769
display  D   display_settings.c:191  debug_display_settings           [   0.01113] color: 32 (rgba 8880), depth: 24, stencil: 8, acc: 0000, samples: 0/0
display  D   display_settings.c:506  _al_score_display_settings       [   0.01113] Score is : 769
display  D   display_settings.c:191  debug_display_settings           [   0.01114] color: 32 (rgba 8880), depth: 24, stencil: 0, acc: 0000, samples: 0/0
display  D   display_settings.c:506  _al_score_display_settings       [   0.01114] Score is : 769
display  D   display_settings.c:191  debug_display_settings           [   0.01114] color: 32 (rgba 8880), depth: 24, stencil: 0, acc: 0000, samples: 0/0
display  D   display_settings.c:506  _al_score_display_settings       [   0.01115] Score is : 769
display  D   display_settings.c:191  debug_display_settings           [   0.01115] color: 32 (rgba 8880), depth: 16, stencil: 0, acc: 0000, samples: 0/0
display  D   display_settings.c:506  _al_score_display_settings       [   0.01116] Score is : 769
display  D   display_settings.c:191  debug_display_settings           [   0.01116] color: 32 (rgba 8880), depth: 16, stencil: 0, acc: 0000, samples: 0/0
display  D   display_settings.c:506  _al_score_display_settings       [   0.01116] Score is : 769
display  D   display_settings.c:191  debug_display_settings           [   0.01117] color: 16 (rgba 5650), depth: 0, stencil: 0, acc: 0000, samples: 0/0
display  D   display_settings.c:506  _al_score_display_settings       [   0.01117] Score is : 769
display  D   display_settings.c:191  debug_display_settings           [   0.01117] color: 16 (rgba 5650), depth: 0, stencil: 0, acc: 0000, samples: 0/0
display  D   display_settings.c:506  _al_score_display_settings       [   0.01118] Score is : 769
display  D   display_settings.c:191  debug_display_settings           [   0.01118] color: 16 (rgba 5650), depth: 24, stencil: 8, acc: 0000, samples: 0/0
display  D   display_settings.c:506  _al_score_display_settings       [   0.01119] Score is : 769
display  D   display_settings.c:191  debug_display_settings           [   0.01119] color: 16 (rgba 5650), depth: 24, stencil: 8, acc: 0000, samples: 0/0
display  D   display_settings.c:506  _al_score_display_settings       [   0.01120] Score is : 769
display  D   display_settings.c:191  debug_display_settings           [   0.01120] color: 16 (rgba 5650), depth: 24, stencil: 0, acc: 0000, samples: 0/0
display  D   display_settings.c:506  _al_score_display_settings       [   0.01120] Score is : 769
display  D   display_settings.c:191  debug_display_settings           [   0.01121] color: 16 (rgba 5650), depth: 24, stencil: 0, acc: 0000, samples: 0/0
display  D   display_settings.c:506  _al_score_display_settings       [   0.01121] Score is : 769
display  D   display_settings.c:191  debug_display_settings           [   0.01121] color: 16 (rgba 5650), depth: 16, stencil: 0, acc: 0000, samples: 0/0
display  D   display_settings.c:506  _al_score_display_settings       [   0.01122] Score is : 769
display  D   display_settings.c:191  debug_display_settings           [   0.01122] color: 16 (rgba 5650), depth: 16, stencil: 0, acc: 0000, samples: 0/0
display  D   display_settings.c:506  _al_score_display_settings       [   0.01122] Score is : 769
display  D   display_settings.c:191  debug_display_settings           [   0.01123] color: 32 (rgba 8880), depth: 0, stencil: 0, acc: 0000, samples: 0/0
display  D   display_settings.c:377  _al_score_display_settings       [   0.01123] Single Buffer requirement not met.
display  D   display_settings.c:191  debug_display_settings           [   0.01124] color: 32 (rgba 8880), depth: 0, stencil: 0, acc: 0000, samples: 0/0
display  D   display_settings.c:377  _al_score_display_settings       [   0.01124] Single Buffer requirement not met.
display  D   display_settings.c:191  debug_display_settings           [   0.01124] color: 32 (rgba 8880), depth: 24, stencil: 8, acc: 0000, samples: 0/0
display  D   display_settings.c:377  _al_score_display_settings       [   0.01125] Single Buffer requirement not met.
display  D   display_settings.c:191  debug_display_settings           [   0.01125] color: 32 (rgba 8880), depth: 24, stencil: 8, acc: 0000, samples: 0/0
display  D   display_settings.c:377  _al_score_display_settings       [   0.01125] Single Buffer requirement not met.
display  D   display_settings.c:191  debug_display_settings           [   0.01126] color: 32 (rgba 8880), depth: 24, stencil: 0, acc: 0000, samples: 0/0
display  D   display_settings.c:377  _al_score_display_settings       [   0.01126] Single Buffer requirement not met.
display  D   display_settings.c:191  debug_display_settings           [   0.01131] color: 32 (rgba 8880), depth: 24, stencil: 0, acc: 0000, samples: 0/0
display  D   display_settings.c:377  _al_score_display_settings       [   0.01131] Single Buffer requirement not met.
display  D   display_settings.c:191  debug_display_settings           [   0.01132] color: 32 (rgba 8880), depth: 16, stencil: 0, acc: 0000, samples: 0/0
display  D   display_settings.c:377  _al_score_display_settings       [   0.01132] Single Buffer requirement not met.
display  D   display_settings.c:191  debug_display_settings           [   0.01132] color: 32 (rgba 8880), depth: 16, stencil: 0, acc: 0000, samples: 0/0
display  D   display_settings.c:377  _al_score_display_settings       [   0.01133] Single Buffer requirement not met.
display  D   display_settings.c:191  debug_display_settings           [   0.01133] color: 16 (rgba 5650), depth: 0, stencil: 0, acc: 0000, samples: 0/0
display  D   display_settings.c:377  _al_score_display_settings       [   0.01134] Single Buffer requirement not met.
display  D   display_settings.c:191  debug_display_settings           [   0.01136] color: 16 (rgba 5650), depth: 0, stencil: 0, acc: 0000, samples: 0/0
display  D   display_settings.c:377  _al_score_display_settings       [   0.01137] Single Buffer requirement not met.
display  D   display_settings.c:191  debug_display_settings           [   0.01137] color: 16 (rgba 5650), depth: 24, stencil: 8, acc: 0000, samples: 0/0
display  D   display_settings.c:377  _al_score_display_settings       [   0.01137] Single Buffer requirement not met.
display  D   display_settings.c:191  debug_display_settings           [   0.01138] color: 16 (rgba 5650), depth: 24, stencil: 8, acc: 0000, samples: 0/0
display  D   display_settings.c:377  _al_score_display_settings       [   0.01138] Single Buffer requirement not met.
display  D   display_settings.c:191  debug_display_settings           [   0.01139] color: 16 (rgba 5650), depth: 24, stencil: 0, acc: 0000, samples: 0/0
display  D   display_settings.c:377  _al_score_display_settings       [   0.01139] Single Buffer requirement not met.
display  D   display_settings.c:191  debug_display_settings           [   0.01139] color: 16 (rgba 5650), depth: 24, stencil: 0, acc: 0000, samples: 0/0
display  D   display_settings.c:377  _al_score_display_settings       [   0.01143] Single Buffer requirement not met.
display  D   display_settings.c:191  debug_display_settings           [   0.01144] color: 16 (rgba 5650), depth: 16, stencil: 0, acc: 0000, samples: 0/0
display  D   display_settings.c:377  _al_score_display_settings       [   0.01145] Single Buffer requirement not met.
display  D   display_settings.c:191  debug_display_settings           [   0.01145] color: 16 (rgba 5650), depth: 16, stencil: 0, acc: 0000, samples: 0/0
display  D   display_settings.c:377  _al_score_display_settings       [   0.01145] Single Buffer requirement not met.
d3d      D         d3d_disp.cpp:1645 d3d_create_display_internals     [   0.01146] Trying format 0.
d3d      I         d3d_disp.cpp:1326 d3d_display_thread_proc          [   0.01207] Chose a display format: 23
d3d      I         d3d_disp.cpp:1395 d3d_display_thread_proc          [   0.01210] Normal window.
d3d      I         d3d_disp.cpp:801  d3d_create_device                [   0.08684] Using no depth stencil buffer
d3d      D         d3d_disp.cpp:866  d3d_create_device                [   0.09842] BeginScene succeeded in create_device
d3d      D         d3d_disp.cpp:874  d3d_create_device                [   0.09844] Success
d3d      D         d3d_disp.cpp:1668 d3d_create_display_internals     [   0.09853] Resumed after wait.
d3d      I         d3d_disp.cpp:1701 d3d_create_display_internals     [   0.09855] Format 0 succeeded.
d3d      D         d3d_disp.cpp:1724 d3d_create_display_internals     [   0.09856] Returning d3d_display: 0065D3B0
d3d      D         d3d_disp.cpp:1749 d3d_create_display_locked        [   0.09857] al_display=0065D3B0
d3d      D         d3d_disp.cpp:1750 d3d_create_display_locked        [   0.09857] al_display->vt=00652810
dtor     D               dtor.c:184  _al_register_destructor          [   0.10190] added dtor for object 006976E8, func 73E227A7
d3d      D         d3d_disp.cpp:1166 real_choose_bitmap_format        [   0.29248] Fake format
d3d      D         d3d_disp.cpp:1166 real_choose_bitmap_format        [   0.29249] Fake format
d3d      D         d3d_disp.cpp:1166 real_choose_bitmap_format        [   0.29250] Fake format
d3d      D         d3d_disp.cpp:1166 real_choose_bitmap_format        [   0.29250] Fake format
d3d      D         d3d_disp.cpp:1166 real_choose_bitmap_format        [   0.29250] Fake format
d3d      D         d3d_disp.cpp:1166 real_choose_bitmap_format        [   0.29251] Fake format
d3d      D         d3d_disp.cpp:1166 real_choose_bitmap_format        [   0.29251] Fake format
d3d      D         d3d_disp.cpp:1166 real_choose_bitmap_format        [   0.29251] Fake format
d3d      D         d3d_disp.cpp:1166 real_choose_bitmap_format        [   0.29252] Fake format
d3d      D         d3d_disp.cpp:1174 real_choose_bitmap_format        [   0.29252] Alpha doesn't match
d3d      D         d3d_disp.cpp:1181 real_choose_bitmap_format        [   0.29253] Adapter format is 23
d3d      D         d3d_disp.cpp:1184 real_choose_bitmap_format        [   0.29253] Found a format
d3d      I         d3d_disp.cpp:2283 _al_d3d_create_bitmap            [   0.29253] Chose bitmap format 9
font     D                ttf.c:217  alloc_glyph_region               [   0.29300] Glyph 36: 15x15 (16x16)
d3d      D          d3d_bmp.cpp:467  _al_d3d_sync_bitmap              [   0.29908] _al_d3d_sync_bitmap (system) ref count == 1
d3d      D          d3d_bmp.cpp:473  _al_d3d_sync_bitmap              [   0.29909] _al_d3d_sync_bitmap (video) ref count == 2
font     D                ttf.c:217  alloc_glyph_region               [   0.30008] Glyph 85: 7x12 (8x12)
d3d      D          d3d_bmp.cpp:467  _al_d3d_sync_bitmap              [   0.30012] _al_d3d_sync_bitmap (system) ref count == 1
d3d      D          d3d_bmp.cpp:473  _al_d3d_sync_bitmap              [   0.30012] _al_d3d_sync_bitmap (video) ref count == 2
font     D                ttf.c:217  alloc_glyph_region               [   0.30104] Glyph 82: 10x12 (12x12)
d3d      D          d3d_bmp.cpp:467  _al_d3d_sync_bitmap              [   0.30107] _al_d3d_sync_bitmap (system) ref count == 1
d3d      D          d3d_bmp.cpp:473  _al_d3d_sync_bitmap              [   0.30108] _al_d3d_sync_bitmap (video) ref count == 2
font     D                ttf.c:217  alloc_glyph_region               [   0.30141] Glyph 90: 17x12 (20x12)
d3d      D          d3d_bmp.cpp:467  _al_d3d_sync_bitmap              [   0.30144] _al_d3d_sync_bitmap (system) ref count == 1
d3d      D          d3d_bmp.cpp:473  _al_d3d_sync_bitmap              [   0.30145] _al_d3d_sync_bitmap (video) ref count == 2
font     D                ttf.c:406  cache_glyph                      [   0.30196] Glyph 3 has zero size.
font     D                ttf.c:217  alloc_glyph_region               [   0.30202] Glyph 46: 13x15 (16x16)
d3d      D          d3d_bmp.cpp:467  _al_d3d_sync_bitmap              [   0.30209] _al_d3d_sync_bitmap (system) ref count == 1
d3d      D          d3d_bmp.cpp:473  _al_d3d_sync_bitmap              [   0.30210] _al_d3d_sync_bitmap (video) ref count == 2
font     D                ttf.c:217  alloc_glyph_region               [   0.30224] Glyph 72: 10x12 (12x12)
d3d      D          d3d_bmp.cpp:467  _al_d3d_sync_bitmap              [   0.30225] _al_d3d_sync_bitmap (system) ref count == 1
d3d      D          d3d_bmp.cpp:473  _al_d3d_sync_bitmap              [   0.30226] _al_d3d_sync_bitmap (video) ref count == 2
font     D                ttf.c:217  alloc_glyph_region               [   0.30252] Glyph 92: 13x16 (16x16)
d3d      D          d3d_bmp.cpp:467  _al_d3d_sync_bitmap              [   0.30321] _al_d3d_sync_bitmap (system) ref count == 1
d3d      D          d3d_bmp.cpp:473  _al_d3d_sync_bitmap              [   0.30322] _al_d3d_sync_bitmap (video) ref count == 2
font     D                ttf.c:217  alloc_glyph_region               [   0.30354] Glyph 86: 9x12 (12x12)
d3d      D          d3d_bmp.cpp:467  _al_d3d_sync_bitmap              [   0.30355] _al_d3d_sync_bitmap (system) ref count == 1
d3d      D          d3d_bmp.cpp:473  _al_d3d_sync_bitmap              [   0.30355] _al_d3d_sync_bitmap (video) ref count == 2
font     D                ttf.c:217  alloc_glyph_region               [   0.30417] Glyph 29: 4x12 (4x12)
d3d      D          d3d_bmp.cpp:467  _al_d3d_sync_bitmap              [   0.30533] _al_d3d_sync_bitmap (system) ref count == 1
d3d      D          d3d_bmp.cpp:473  _al_d3d_sync_bitmap              [   0.30534] _al_d3d_sync_bitmap (video) ref count == 2
font     D                ttf.c:217  alloc_glyph_region               [   0.30562] Glyph 48: 15x15 (16x16)
d3d      D          d3d_bmp.cpp:467  _al_d3d_sync_bitmap              [   0.30578] _al_d3d_sync_bitmap (system) ref count == 1
d3d      D          d3d_bmp.cpp:473  _al_d3d_sync_bitmap              [   0.30578] _al_d3d_sync_bitmap (video) ref count == 2
font     D                ttf.c:217  alloc_glyph_region               [   0.30612] Glyph 89: 13x12 (16x12)
d3d      D          d3d_bmp.cpp:467  _al_d3d_sync_bitmap              [   0.30613] _al_d3d_sync_bitmap (system) ref count == 1
d3d      D          d3d_bmp.cpp:473  _al_d3d_sync_bitmap              [   0.30613] _al_d3d_sync_bitmap (video) ref count == 2
font     D                ttf.c:217  alloc_glyph_region               [   0.30664] Glyph 54: 12x15 (12x16)
d3d      D          d3d_bmp.cpp:467  _al_d3d_sync_bitmap              [   0.30665] _al_d3d_sync_bitmap (system) ref count == 1
d3d      D          d3d_bmp.cpp:473  _al_d3d_sync_bitmap              [   0.30665] _al_d3d_sync_bitmap (video) ref count == 2
font     D                ttf.c:217  alloc_glyph_region               [   0.30706] Glyph 83: 10x16 (12x16)
d3d      D          d3d_bmp.cpp:467  _al_d3d_sync_bitmap              [   0.30710] _al_d3d_sync_bitmap (system) ref count == 1
d3d      D          d3d_bmp.cpp:473  _al_d3d_sync_bitmap              [   0.30710] _al_d3d_sync_bitmap (video) ref count == 2
font     D                ttf.c:217  alloc_glyph_region               [   0.30799] Glyph 68: 10x12 (12x12)
d3d      D          d3d_bmp.cpp:467  _al_d3d_sync_bitmap              [   0.30883] _al_d3d_sync_bitmap (system) ref count == 1
d3d      D          d3d_bmp.cpp:473  _al_d3d_sync_bitmap              [   0.30884] _al_d3d_sync_bitmap (video) ref count == 2
font     D                ttf.c:217  alloc_glyph_region               [   0.30944] Glyph 70: 10x12 (12x12)
d3d      D          d3d_bmp.cpp:467  _al_d3d_sync_bitmap              [   0.30952] _al_d3d_sync_bitmap (system) ref count == 1
d3d      D          d3d_bmp.cpp:473  _al_d3d_sync_bitmap              [   0.30953] _al_d3d_sync_bitmap (video) ref count == 2
font     D                ttf.c:217  alloc_glyph_region               [   0.30976] Glyph 69: 10x15 (12x16)
d3d      D          d3d_bmp.cpp:467  _al_d3d_sync_bitmap              [   0.30980] _al_d3d_sync_bitmap (system) ref count == 1
d3d      D          d3d_bmp.cpp:473  _al_d3d_sync_bitmap              [   0.30981] _al_d3d_sync_bitmap (video) ref count == 2
d3d      D          d3d_bmp.cpp:467  _al_d3d_sync_bitmap              [   0.31123] _al_d3d_sync_bitmap (system) ref count == 1
d3d      D          d3d_bmp.cpp:473  _al_d3d_sync_bitmap              [   0.31124] _al_d3d_sync_bitmap (video) ref count == 2
dtor     D               dtor.c:214  _al_unregister_destructor        [   2.10138] removed dtor for object 00652740
d3d      I         d3d_disp.cpp:921  d3d_destroy_display              [   2.10140] destroying display 0065D3B0 (current 00000000)
bitmap   D             bitmap.c:548  _al_convert_to_memory_bitmap     [   2.10170] converting display bitmap 05E934E8 to memory bitmap
d3d      D          d3d_bmp.cpp:467  _al_d3d_sync_bitmap              [   2.10181] _al_d3d_sync_bitmap (system) ref count == 1
d3d      D          d3d_bmp.cpp:473  _al_d3d_sync_bitmap              [   2.10182] _al_d3d_sync_bitmap (video) ref count == 2
d3d      W          d3d_bmp.cpp:743  d3d_destroy_bitmap               [   2.10208] d3d_destroy_bitmap: Release video texture failed.
d3d      D         d3d_disp.cpp:905  d3d_destroy_display_internals    [   2.10228] waiting for display 0065D3B0's thread to end
d3d      W         d3d_disp.cpp:617  d3d_destroy_device               [   2.15601] d3d_destroy_device: ref count not 0
d3d      I         d3d_disp.cpp:1527 d3d_display_thread_proc          [   2.16195] d3d display thread exits
dtor     D               dtor.c:214  _al_unregister_destructor        [   2.16190] removed dtor for object 006976E8
dtor     D               dtor.c:114  _al_run_destructors              [   2.16192] calling dtor for object 00679C68, func 73E21B3B
dtor     D               dtor.c:214  _al_unregister_destructor        [   2.16194] removed dtor for object 00679C68
